;  LST file generated by mikroListExporter - v.2.0 
; Date/Time: 15/06/2023 21:19:27
;----------------------------------------------

;Address Opcode 	ASM
0x0000	0x28FC      	GOTO       252
_____DoICP:
;__Lib_System.c,6 :: 		
;__Lib_System.c,9 :: 		
0x0003	0x1283      	BCF        STATUS, 5
0x0004	0x1303      	BCF        STATUS, 6
0x0005	0x0823      	MOVF       ___DoICPAddr+1, 0
0x0006	0x008A      	MOVWF      PCLATH
;__Lib_System.c,10 :: 		
0x0007	0x0822      	MOVF       ___DoICPAddr, 0
0x0008	0x0082      	MOVWF      PCL
;__Lib_System.c,12 :: 		
L_end_____DoICP:
0x0009	0x0008      	RETURN
; end of _____DoICP
___CC2DW:
;__Lib_System.c,134 :: 		
;__Lib_System.c,137 :: 		
_CC2D_Loop1:
;__Lib_System.c,139 :: 		
0x000A	0x2003      	CALL       _____DoICP
0x000B	0x118A      	BCF        PCLATH, 3
0x000C	0x120A      	BCF        PCLATH, 4
;__Lib_System.c,141 :: 		
0x000D	0x0080      	MOVWF      INDF
;__Lib_System.c,142 :: 		
0x000E	0x0A84      	INCF       FSR, 1
;__Lib_System.c,143 :: 		
0x000F	0x0AA2      	INCF       ___DoICPAddr, 1
;__Lib_System.c,145 :: 		
0x0010	0x1903      	BTFSC      STATUS, 2
;__Lib_System.c,146 :: 		
0x0011	0x0AA3      	INCF       ___DoICPAddr+1, 1
;__Lib_System.c,147 :: 		
0x0012	0x03F0      	DECF       R0, 1
;__Lib_System.c,149 :: 		
0x0013	0x1D03      	BTFSS      STATUS, 2
;__Lib_System.c,150 :: 		
0x0014	0x280A      	GOTO       _CC2D_Loop1
;__Lib_System.c,152 :: 		
L_end___CC2DW:
0x0015	0x0008      	RETURN
; end of ___CC2DW
_mover:
;servoMotores.c,1 :: 		void mover(int mover){
;servoMotores.c,2 :: 		switch(mover){
0x0016	0x28B1      	GOTO       L_mover0
;servoMotores.c,4 :: 		case 0:
L_mover2:
;servoMotores.c,5 :: 		PortC = 0b00000000;
0x0017	0x1283      	BCF        STATUS, 5
0x0018	0x1303      	BCF        STATUS, 6
0x0019	0x0187      	CLRF       PORTC
;servoMotores.c,6 :: 		delay_ms(1000);
0x001A	0x3006      	MOVLW      6
0x001B	0x00FB      	MOVWF      R11
0x001C	0x3013      	MOVLW      19
0x001D	0x00FC      	MOVWF      R12
0x001E	0x30AD      	MOVLW      173
0x001F	0x00FD      	MOVWF      R13
L_mover3:
0x0020	0x0BFD      	DECFSZ     R13, 1
0x0021	0x2820      	GOTO       L_mover3
0x0022	0x0BFC      	DECFSZ     R12, 1
0x0023	0x2820      	GOTO       L_mover3
0x0024	0x0BFB      	DECFSZ     R11, 1
0x0025	0x2820      	GOTO       L_mover3
0x0026	0x0000      	NOP
0x0027	0x0000      	NOP
;servoMotores.c,7 :: 		break;
0x0028	0x28FB      	GOTO       L_mover1
;servoMotores.c,10 :: 		case 1:
L_mover4:
;servoMotores.c,11 :: 		PortC = 0b00000101;
0x0029	0x3005      	MOVLW      5
0x002A	0x0087      	MOVWF      PORTC
;servoMotores.c,12 :: 		delay_ms(1000);
0x002B	0x3006      	MOVLW      6
0x002C	0x00FB      	MOVWF      R11
0x002D	0x3013      	MOVLW      19
0x002E	0x00FC      	MOVWF      R12
0x002F	0x30AD      	MOVLW      173
0x0030	0x00FD      	MOVWF      R13
L_mover5:
0x0031	0x0BFD      	DECFSZ     R13, 1
0x0032	0x2831      	GOTO       L_mover5
0x0033	0x0BFC      	DECFSZ     R12, 1
0x0034	0x2831      	GOTO       L_mover5
0x0035	0x0BFB      	DECFSZ     R11, 1
0x0036	0x2831      	GOTO       L_mover5
0x0037	0x0000      	NOP
0x0038	0x0000      	NOP
;servoMotores.c,13 :: 		break;
0x0039	0x28FB      	GOTO       L_mover1
;servoMotores.c,15 :: 		case 2:
L_mover6:
;servoMotores.c,16 :: 		PortC = 0b0000001;
0x003A	0x3001      	MOVLW      1
0x003B	0x0087      	MOVWF      PORTC
;servoMotores.c,17 :: 		delay_ms(1000);
0x003C	0x3006      	MOVLW      6
0x003D	0x00FB      	MOVWF      R11
0x003E	0x3013      	MOVLW      19
0x003F	0x00FC      	MOVWF      R12
0x0040	0x30AD      	MOVLW      173
0x0041	0x00FD      	MOVWF      R13
L_mover7:
0x0042	0x0BFD      	DECFSZ     R13, 1
0x0043	0x2842      	GOTO       L_mover7
0x0044	0x0BFC      	DECFSZ     R12, 1
0x0045	0x2842      	GOTO       L_mover7
0x0046	0x0BFB      	DECFSZ     R11, 1
0x0047	0x2842      	GOTO       L_mover7
0x0048	0x0000      	NOP
0x0049	0x0000      	NOP
;servoMotores.c,18 :: 		break;
0x004A	0x28FB      	GOTO       L_mover1
;servoMotores.c,20 :: 		case 3:
L_mover8:
;servoMotores.c,21 :: 		PortC = 0b00001001;
0x004B	0x3009      	MOVLW      9
0x004C	0x0087      	MOVWF      PORTC
;servoMotores.c,22 :: 		delay_ms(1000);
0x004D	0x3006      	MOVLW      6
0x004E	0x00FB      	MOVWF      R11
0x004F	0x3013      	MOVLW      19
0x0050	0x00FC      	MOVWF      R12
0x0051	0x30AD      	MOVLW      173
0x0052	0x00FD      	MOVWF      R13
L_mover9:
0x0053	0x0BFD      	DECFSZ     R13, 1
0x0054	0x2853      	GOTO       L_mover9
0x0055	0x0BFC      	DECFSZ     R12, 1
0x0056	0x2853      	GOTO       L_mover9
0x0057	0x0BFB      	DECFSZ     R11, 1
0x0058	0x2853      	GOTO       L_mover9
0x0059	0x0000      	NOP
0x005A	0x0000      	NOP
;servoMotores.c,23 :: 		break;
0x005B	0x28FB      	GOTO       L_mover1
;servoMotores.c,26 :: 		case 4:
L_mover10:
;servoMotores.c,27 :: 		PortC = 0b00001000;
0x005C	0x3008      	MOVLW      8
0x005D	0x0087      	MOVWF      PORTC
;servoMotores.c,28 :: 		delay_ms(1000);
0x005E	0x3006      	MOVLW      6
0x005F	0x00FB      	MOVWF      R11
0x0060	0x3013      	MOVLW      19
0x0061	0x00FC      	MOVWF      R12
0x0062	0x30AD      	MOVLW      173
0x0063	0x00FD      	MOVWF      R13
L_mover11:
0x0064	0x0BFD      	DECFSZ     R13, 1
0x0065	0x2864      	GOTO       L_mover11
0x0066	0x0BFC      	DECFSZ     R12, 1
0x0067	0x2864      	GOTO       L_mover11
0x0068	0x0BFB      	DECFSZ     R11, 1
0x0069	0x2864      	GOTO       L_mover11
0x006A	0x0000      	NOP
0x006B	0x0000      	NOP
;servoMotores.c,29 :: 		break;
0x006C	0x28FB      	GOTO       L_mover1
;servoMotores.c,31 :: 		case 5:
L_mover12:
;servoMotores.c,32 :: 		PortC = 0b00001010;
0x006D	0x300A      	MOVLW      10
0x006E	0x0087      	MOVWF      PORTC
;servoMotores.c,33 :: 		delay_ms(1000);
0x006F	0x3006      	MOVLW      6
0x0070	0x00FB      	MOVWF      R11
0x0071	0x3013      	MOVLW      19
0x0072	0x00FC      	MOVWF      R12
0x0073	0x30AD      	MOVLW      173
0x0074	0x00FD      	MOVWF      R13
L_mover13:
0x0075	0x0BFD      	DECFSZ     R13, 1
0x0076	0x2875      	GOTO       L_mover13
0x0077	0x0BFC      	DECFSZ     R12, 1
0x0078	0x2875      	GOTO       L_mover13
0x0079	0x0BFB      	DECFSZ     R11, 1
0x007A	0x2875      	GOTO       L_mover13
0x007B	0x0000      	NOP
0x007C	0x0000      	NOP
;servoMotores.c,34 :: 		break;
0x007D	0x28FB      	GOTO       L_mover1
;servoMotores.c,36 :: 		case 6:
L_mover14:
;servoMotores.c,37 :: 		PortC = 0b00000010;
0x007E	0x3002      	MOVLW      2
0x007F	0x0087      	MOVWF      PORTC
;servoMotores.c,38 :: 		delay_ms(1000);
0x0080	0x3006      	MOVLW      6
0x0081	0x00FB      	MOVWF      R11
0x0082	0x3013      	MOVLW      19
0x0083	0x00FC      	MOVWF      R12
0x0084	0x30AD      	MOVLW      173
0x0085	0x00FD      	MOVWF      R13
L_mover15:
0x0086	0x0BFD      	DECFSZ     R13, 1
0x0087	0x2886      	GOTO       L_mover15
0x0088	0x0BFC      	DECFSZ     R12, 1
0x0089	0x2886      	GOTO       L_mover15
0x008A	0x0BFB      	DECFSZ     R11, 1
0x008B	0x2886      	GOTO       L_mover15
0x008C	0x0000      	NOP
0x008D	0x0000      	NOP
;servoMotores.c,39 :: 		break;
0x008E	0x28FB      	GOTO       L_mover1
;servoMotores.c,41 :: 		case 7:
L_mover16:
;servoMotores.c,42 :: 		PortC = 0b00000110;
0x008F	0x3006      	MOVLW      6
0x0090	0x0087      	MOVWF      PORTC
;servoMotores.c,43 :: 		delay_ms(1000);
0x0091	0x3006      	MOVLW      6
0x0092	0x00FB      	MOVWF      R11
0x0093	0x3013      	MOVLW      19
0x0094	0x00FC      	MOVWF      R12
0x0095	0x30AD      	MOVLW      173
0x0096	0x00FD      	MOVWF      R13
L_mover17:
0x0097	0x0BFD      	DECFSZ     R13, 1
0x0098	0x2897      	GOTO       L_mover17
0x0099	0x0BFC      	DECFSZ     R12, 1
0x009A	0x2897      	GOTO       L_mover17
0x009B	0x0BFB      	DECFSZ     R11, 1
0x009C	0x2897      	GOTO       L_mover17
0x009D	0x0000      	NOP
0x009E	0x0000      	NOP
;servoMotores.c,44 :: 		break;
0x009F	0x28FB      	GOTO       L_mover1
;servoMotores.c,46 :: 		case 8:
L_mover18:
;servoMotores.c,47 :: 		PortC = 0b00000100;
0x00A0	0x3004      	MOVLW      4
0x00A1	0x0087      	MOVWF      PORTC
;servoMotores.c,48 :: 		delay_ms(1000);
0x00A2	0x3006      	MOVLW      6
0x00A3	0x00FB      	MOVWF      R11
0x00A4	0x3013      	MOVLW      19
0x00A5	0x00FC      	MOVWF      R12
0x00A6	0x30AD      	MOVLW      173
0x00A7	0x00FD      	MOVWF      R13
L_mover19:
0x00A8	0x0BFD      	DECFSZ     R13, 1
0x00A9	0x28A8      	GOTO       L_mover19
0x00AA	0x0BFC      	DECFSZ     R12, 1
0x00AB	0x28A8      	GOTO       L_mover19
0x00AC	0x0BFB      	DECFSZ     R11, 1
0x00AD	0x28A8      	GOTO       L_mover19
0x00AE	0x0000      	NOP
0x00AF	0x0000      	NOP
;servoMotores.c,49 :: 		break;
0x00B0	0x28FB      	GOTO       L_mover1
;servoMotores.c,50 :: 		}
L_mover0:
0x00B1	0x1283      	BCF        STATUS, 5
0x00B2	0x1303      	BCF        STATUS, 6
0x00B3	0x3000      	MOVLW      0
0x00B4	0x0625      	XORWF      FARG_mover_mover+1, 0
0x00B5	0x1D03      	BTFSS      STATUS, 2
0x00B6	0x28B9      	GOTO       L__mover27
0x00B7	0x3000      	MOVLW      0
0x00B8	0x0624      	XORWF      FARG_mover_mover, 0
L__mover27:
0x00B9	0x1903      	BTFSC      STATUS, 2
0x00BA	0x2817      	GOTO       L_mover2
0x00BB	0x3000      	MOVLW      0
0x00BC	0x0625      	XORWF      FARG_mover_mover+1, 0
0x00BD	0x1D03      	BTFSS      STATUS, 2
0x00BE	0x28C1      	GOTO       L__mover28
0x00BF	0x3001      	MOVLW      1
0x00C0	0x0624      	XORWF      FARG_mover_mover, 0
L__mover28:
0x00C1	0x1903      	BTFSC      STATUS, 2
0x00C2	0x2829      	GOTO       L_mover4
0x00C3	0x3000      	MOVLW      0
0x00C4	0x0625      	XORWF      FARG_mover_mover+1, 0
0x00C5	0x1D03      	BTFSS      STATUS, 2
0x00C6	0x28C9      	GOTO       L__mover29
0x00C7	0x3002      	MOVLW      2
0x00C8	0x0624      	XORWF      FARG_mover_mover, 0
L__mover29:
0x00C9	0x1903      	BTFSC      STATUS, 2
0x00CA	0x283A      	GOTO       L_mover6
0x00CB	0x3000      	MOVLW      0
0x00CC	0x0625      	XORWF      FARG_mover_mover+1, 0
0x00CD	0x1D03      	BTFSS      STATUS, 2
0x00CE	0x28D1      	GOTO       L__mover30
0x00CF	0x3003      	MOVLW      3
0x00D0	0x0624      	XORWF      FARG_mover_mover, 0
L__mover30:
0x00D1	0x1903      	BTFSC      STATUS, 2
0x00D2	0x284B      	GOTO       L_mover8
0x00D3	0x3000      	MOVLW      0
0x00D4	0x0625      	XORWF      FARG_mover_mover+1, 0
0x00D5	0x1D03      	BTFSS      STATUS, 2
0x00D6	0x28D9      	GOTO       L__mover31
0x00D7	0x3004      	MOVLW      4
0x00D8	0x0624      	XORWF      FARG_mover_mover, 0
L__mover31:
0x00D9	0x1903      	BTFSC      STATUS, 2
0x00DA	0x285C      	GOTO       L_mover10
0x00DB	0x3000      	MOVLW      0
0x00DC	0x0625      	XORWF      FARG_mover_mover+1, 0
0x00DD	0x1D03      	BTFSS      STATUS, 2
0x00DE	0x28E1      	GOTO       L__mover32
0x00DF	0x3005      	MOVLW      5
0x00E0	0x0624      	XORWF      FARG_mover_mover, 0
L__mover32:
0x00E1	0x1903      	BTFSC      STATUS, 2
0x00E2	0x286D      	GOTO       L_mover12
0x00E3	0x3000      	MOVLW      0
0x00E4	0x0625      	XORWF      FARG_mover_mover+1, 0
0x00E5	0x1D03      	BTFSS      STATUS, 2
0x00E6	0x28E9      	GOTO       L__mover33
0x00E7	0x3006      	MOVLW      6
0x00E8	0x0624      	XORWF      FARG_mover_mover, 0
L__mover33:
0x00E9	0x1903      	BTFSC      STATUS, 2
0x00EA	0x287E      	GOTO       L_mover14
0x00EB	0x3000      	MOVLW      0
0x00EC	0x0625      	XORWF      FARG_mover_mover+1, 0
0x00ED	0x1D03      	BTFSS      STATUS, 2
0x00EE	0x28F1      	GOTO       L__mover34
0x00EF	0x3007      	MOVLW      7
0x00F0	0x0624      	XORWF      FARG_mover_mover, 0
L__mover34:
0x00F1	0x1903      	BTFSC      STATUS, 2
0x00F2	0x288F      	GOTO       L_mover16
0x00F3	0x3000      	MOVLW      0
0x00F4	0x0625      	XORWF      FARG_mover_mover+1, 0
0x00F5	0x1D03      	BTFSS      STATUS, 2
0x00F6	0x28F9      	GOTO       L__mover35
0x00F7	0x3008      	MOVLW      8
0x00F8	0x0624      	XORWF      FARG_mover_mover, 0
L__mover35:
0x00F9	0x1903      	BTFSC      STATUS, 2
0x00FA	0x28A0      	GOTO       L_mover18
L_mover1:
;servoMotores.c,51 :: 		}
L_end_mover:
0x00FB	0x0008      	RETURN
; end of _mover
_main:
0x00FC	0x1283      	BCF        STATUS, 5
0x00FD	0x1303      	BCF        STATUS, 6
0x00FE	0x01A0      	CLRF       _contador
0x00FF	0x01A1      	CLRF       33
;servoMotores.c,55 :: 		void main() {
;servoMotores.c,56 :: 		ANSEL = 0;
0x0100	0x1683      	BSF        STATUS, 5
0x0101	0x1703      	BSF        STATUS, 6
0x0102	0x0188      	CLRF       ANSEL
;servoMotores.c,57 :: 		ANSELH = 0;
0x0103	0x0189      	CLRF       ANSELH
;servoMotores.c,58 :: 		TRISA= 0xff;
0x0104	0x30FF      	MOVLW      255
0x0105	0x1303      	BCF        STATUS, 6
0x0106	0x0085      	MOVWF      TRISA
;servoMotores.c,59 :: 		TRISC = 0x00;
0x0107	0x0187      	CLRF       TRISC
;servoMotores.c,60 :: 		TRISC = 0;
0x0108	0x0187      	CLRF       TRISC
;servoMotores.c,62 :: 		PortC= 0x00;
0x0109	0x1283      	BCF        STATUS, 5
0x010A	0x0187      	CLRF       PORTC
;servoMotores.c,65 :: 		while(1)
L_main20:
;servoMotores.c,67 :: 		switch(PORTA){
0x010B	0x291F      	GOTO       L_main22
;servoMotores.c,68 :: 		case (0b00000001):
L_main24:
;servoMotores.c,69 :: 		contador = contador + 1;
0x010C	0x0AA0      	INCF       _contador, 1
0x010D	0x1903      	BTFSC      STATUS, 2
0x010E	0x0AA1      	INCF       _contador+1, 1
;servoMotores.c,70 :: 		mover(contador);
0x010F	0x0820      	MOVF       _contador, 0
0x0110	0x00A4      	MOVWF      FARG_mover_mover
0x0111	0x0821      	MOVF       _contador+1, 0
0x0112	0x00A5      	MOVWF      FARG_mover_mover+1
0x0113	0x2016      	CALL       _mover
;servoMotores.c,71 :: 		break;
0x0114	0x2927      	GOTO       L_main23
;servoMotores.c,73 :: 		case (0b00000010):
L_main25:
;servoMotores.c,75 :: 		contador = contador - 1;
0x0115	0x3001      	MOVLW      1
0x0116	0x02A0      	SUBWF      _contador, 1
0x0117	0x1C03      	BTFSS      STATUS, 0
0x0118	0x03A1      	DECF       _contador+1, 1
;servoMotores.c,76 :: 		mover(contador);
0x0119	0x0820      	MOVF       _contador, 0
0x011A	0x00A4      	MOVWF      FARG_mover_mover
0x011B	0x0821      	MOVF       _contador+1, 0
0x011C	0x00A5      	MOVWF      FARG_mover_mover+1
0x011D	0x2016      	CALL       _mover
;servoMotores.c,77 :: 		break;
0x011E	0x2927      	GOTO       L_main23
;servoMotores.c,78 :: 		}
L_main22:
0x011F	0x0805      	MOVF       PORTA, 0
0x0120	0x3A01      	XORLW      1
0x0121	0x1903      	BTFSC      STATUS, 2
0x0122	0x290C      	GOTO       L_main24
0x0123	0x0805      	MOVF       PORTA, 0
0x0124	0x3A02      	XORLW      2
0x0125	0x1903      	BTFSC      STATUS, 2
0x0126	0x2915      	GOTO       L_main25
L_main23:
;servoMotores.c,79 :: 		}
0x0127	0x290B      	GOTO       L_main20
;servoMotores.c,80 :: 		}
L_end_main:
0x0128	0x2928      	GOTO       $+0
; end of _main
Symbol List:
//** Routines locations **
//ADDRESS    SIZE    PROCEDURE
//----------------------------------------------
0x0003       [7]    _____DoICP
0x000A      [12]    ___CC2DW
0x0016     [230]    _mover
0x00FC      [45]    _main
//** Variables locations ** 
//ADDRESS    SIZE    VARIABLE
//----------------------------------------------
0x0000       [1]    INDF
0x0002       [1]    PCL
0x0003       [1]    STATUS
0x0004       [1]    FSR
0x0005       [1]    PORTA
0x0007       [1]    PORTC
0x000A       [1]    PCLATH
0x0020       [2]    _contador
0x0022       [2]    ___DoICPAddr
0x0024       [2]    FARG_mover_mover
0x0070       [1]    R0
0x0071       [1]    R1
0x0072       [1]    R2
0x0073       [1]    R3
0x0074       [1]    R4
0x0075       [1]    R5
0x0076       [1]    R6
0x0077       [1]    R7
0x0078       [1]    R8
0x0079       [1]    R9
0x007A       [1]    R10
0x007B       [1]    R11
0x007C       [1]    R12
0x007D       [1]    R13
0x007E       [1]    R14
0x007F       [1]    R15
0x0085       [1]    TRISA
0x0087       [1]    TRISC
0x0188       [1]    ANSEL
0x0189       [1]    ANSELH
//** Label List: ** 
//----------------------------------------------
  L_mover0
  L_mover1
  L_mover2
  L_mover3
  L_mover4
  L_mover5
  L_mover6
  L_mover7
  L_mover8
  L_mover9
  L_mover10
  L_mover11
  L_mover12
  L_mover13
  L_mover14
  L_mover15
  L_mover16
  L_mover17
  L_mover18
  L_mover19
  L_main20
  L_main21
  L_main22
  L_main23
  L_main24
  L_main25
  L_end_mover
  _mover
  L__mover27
  L__mover28
  L__mover29
  L__mover30
  L__mover31
  L__mover32
  L__mover33
  L__mover34
  L__mover35
  L_end_main
  _main
  L_loopCA2AWs
  L_CA2AWend
  _CCA2AW_Loop1
  L_loopCS2Ss
  L_CS2Send
  _CCS2S_Loop1
  L_CCS2Send
  L_loopFZinSWs
  L_FZinSend
  _CC2D_Loop1
  L_end_____DoICP
  _____DoICP
  L_end_____DoIFC
  _____DoIFC
  L_end___CA2AW
  ___CA2AW
  L_end___CCA2AW
  ___CCA2AW
  L_end___CS2S
  ___CS2S
  L_end___CCS2S
  ___CCS2S
  L_end___FZinS
  ___FZinS
  L_end___CC2DW
  ___CC2DW
  L_end_Swap
  _Swap
